<?xml version="1.0" encoding="UTF-8"?>
<!-- Generated by org.testng.reporters.JUnitReportReporter -->
<testsuite hostname="LAPTOP-HKUM09JB" failures="0" tests="1" name="test.TC002_RegisterPage" time="15.367" errors="0" timestamp="2024-04-20T14:42:18 ICT" skipped="0">
  <testcase classname="test.TC002_RegisterPage" name="openRegisterPage" time="15.367"/>
  <system-out/>
</testsuite> <!-- test.TC002_RegisterPage -->
